[0.091s] DEBUG:colcon:Command line arguments: ['/usr/bin/colcon', 'list', '-p', '--base-paths', '/home/jarvis/send']
[0.091s] DEBUG:colcon:Parsed command line arguments: Namespace(log_base=None, log_level=None, verb_name='list', build_base='build', ignore_user_meta=False, metas=['./colcon.meta'], base_paths=['/home/jarvis/send'], packages_ignore=None, packages_ignore_regex=None, paths=None, packages_up_to=None, packages_up_to_regex=None, packages_above=None, packages_above_and_dependencies=None, packages_above_depth=None, packages_select_by_dep=None, packages_skip_by_dep=None, packages_skip_up_to=None, packages_select_build_failed=False, packages_skip_build_finished=False, packages_select_test_failures=False, packages_skip_test_passed=False, packages_select=None, packages_skip=None, packages_select_regex=None, packages_skip_regex=None, packages_start=None, packages_end=None, allow_overriding=[], topological_order=False, names_only=False, paths_only=True, topological_graph=False, topological_graph_dot=False, topological_graph_density=False, topological_graph_legend=False, topological_graph_dot_cluster=False, topological_graph_dot_include_skipped=False, mixin_files=None, mixin=None, verb_parser=<colcon_mixin.mixin.mixin_argument.MixinArgumentDecorator object at 0x732ae9b592a0>, verb_extension=<colcon_package_information.verb.list.ListVerb object at 0x732ae9b58370>, main=<bound method ListVerb.main of <colcon_package_information.verb.list.ListVerb object at 0x732ae9b58370>>, mixin_verb=('list',))
[0.293s] Level 1:colcon.colcon_core.package_discovery:discover_packages(colcon_meta) check parameters
[0.293s] Level 1:colcon.colcon_core.package_discovery:discover_packages(recursive) check parameters
[0.293s] Level 1:colcon.colcon_core.package_discovery:discover_packages(ignore) check parameters
[0.294s] Level 1:colcon.colcon_core.package_discovery:discover_packages(path) check parameters
[0.294s] Level 1:colcon.colcon_core.package_discovery:discover_packages(recursive) discover
[0.294s] INFO:colcon.colcon_core.package_discovery:Crawling recursively for packages in '/home/jarvis/send'
[0.294s] Level 1:colcon.colcon_core.package_identification:_identify(/home/jarvis/send) by extensions ['ignore', 'ignore_ament_install']
[0.294s] Level 1:colcon.colcon_core.package_identification:_identify(/home/jarvis/send) by extension 'ignore'
[0.294s] Level 1:colcon.colcon_core.package_identification:_identify(/home/jarvis/send) by extension 'ignore_ament_install'
[0.294s] Level 1:colcon.colcon_core.package_identification:_identify(/home/jarvis/send) by extensions ['colcon_pkg']
[0.294s] Level 1:colcon.colcon_core.package_identification:_identify(/home/jarvis/send) by extension 'colcon_pkg'
[0.294s] Level 1:colcon.colcon_core.package_identification:_identify(/home/jarvis/send) by extensions ['colcon_meta']
[0.294s] Level 1:colcon.colcon_core.package_identification:_identify(/home/jarvis/send) by extension 'colcon_meta'
[0.294s] Level 1:colcon.colcon_core.package_identification:_identify(/home/jarvis/send) by extensions ['ros']
[0.294s] Level 1:colcon.colcon_core.package_identification:_identify(/home/jarvis/send) by extension 'ros'
[0.302s] Level 1:colcon.colcon_core.package_identification:_identify(/home/jarvis/send) by extensions ['cmake', 'python']
[0.302s] Level 1:colcon.colcon_core.package_identification:_identify(/home/jarvis/send) by extension 'cmake'
[0.302s] Level 1:colcon.colcon_core.package_identification:_identify(/home/jarvis/send) by extension 'python'
[0.302s] Level 1:colcon.colcon_core.package_identification:_identify(/home/jarvis/send) by extensions ['python_setup_py']
[0.302s] Level 1:colcon.colcon_core.package_identification:_identify(/home/jarvis/send) by extension 'python_setup_py'
[0.303s] Level 1:colcon.colcon_core.package_identification:_identify(/home/jarvis/send/log) by extensions ['ignore', 'ignore_ament_install']
[0.303s] Level 1:colcon.colcon_core.package_identification:_identify(/home/jarvis/send/log) by extension 'ignore'
[0.303s] Level 1:colcon.colcon_core.package_identification:_identify(/home/jarvis/send/log) ignored
[0.303s] Level 1:colcon.colcon_core.package_identification:_identify(/home/jarvis/send/src) by extensions ['ignore', 'ignore_ament_install']
[0.303s] Level 1:colcon.colcon_core.package_identification:_identify(/home/jarvis/send/src) by extension 'ignore'
[0.303s] Level 1:colcon.colcon_core.package_identification:_identify(/home/jarvis/send/src) by extension 'ignore_ament_install'
[0.303s] Level 1:colcon.colcon_core.package_identification:_identify(/home/jarvis/send/src) by extensions ['colcon_pkg']
[0.303s] Level 1:colcon.colcon_core.package_identification:_identify(/home/jarvis/send/src) by extension 'colcon_pkg'
[0.303s] Level 1:colcon.colcon_core.package_identification:_identify(/home/jarvis/send/src) by extensions ['colcon_meta']
[0.303s] Level 1:colcon.colcon_core.package_identification:_identify(/home/jarvis/send/src) by extension 'colcon_meta'
[0.303s] Level 1:colcon.colcon_core.package_identification:_identify(/home/jarvis/send/src) by extensions ['ros']
[0.303s] Level 1:colcon.colcon_core.package_identification:_identify(/home/jarvis/send/src) by extension 'ros'
[0.303s] Level 1:colcon.colcon_core.package_identification:_identify(/home/jarvis/send/src) by extensions ['cmake', 'python']
[0.303s] Level 1:colcon.colcon_core.package_identification:_identify(/home/jarvis/send/src) by extension 'cmake'
[0.303s] Level 1:colcon.colcon_core.package_identification:_identify(/home/jarvis/send/src) by extension 'python'
[0.303s] Level 1:colcon.colcon_core.package_identification:_identify(/home/jarvis/send/src) by extensions ['python_setup_py']
[0.303s] Level 1:colcon.colcon_core.package_identification:_identify(/home/jarvis/send/src) by extension 'python_setup_py'
[0.304s] Level 1:colcon.colcon_core.package_identification:_identify(/home/jarvis/send/src/diffdrive_arduino) by extensions ['ignore', 'ignore_ament_install']
[0.304s] Level 1:colcon.colcon_core.package_identification:_identify(/home/jarvis/send/src/diffdrive_arduino) by extension 'ignore'
[0.304s] Level 1:colcon.colcon_core.package_identification:_identify(/home/jarvis/send/src/diffdrive_arduino) by extension 'ignore_ament_install'
[0.304s] Level 1:colcon.colcon_core.package_identification:_identify(/home/jarvis/send/src/diffdrive_arduino) by extensions ['colcon_pkg']
[0.304s] Level 1:colcon.colcon_core.package_identification:_identify(/home/jarvis/send/src/diffdrive_arduino) by extension 'colcon_pkg'
[0.304s] Level 1:colcon.colcon_core.package_identification:_identify(/home/jarvis/send/src/diffdrive_arduino) by extensions ['colcon_meta']
[0.304s] Level 1:colcon.colcon_core.package_identification:_identify(/home/jarvis/send/src/diffdrive_arduino) by extension 'colcon_meta'
[0.304s] Level 1:colcon.colcon_core.package_identification:_identify(/home/jarvis/send/src/diffdrive_arduino) by extensions ['ros']
[0.304s] Level 1:colcon.colcon_core.package_identification:_identify(/home/jarvis/send/src/diffdrive_arduino) by extension 'ros'
[0.306s] DEBUG:colcon.colcon_core.package_identification:Package '/home/jarvis/send/src/diffdrive_arduino' with type 'ros.ament_cmake' and name 'diffdrive_arduino'
[0.306s] Level 1:colcon.colcon_core.package_identification:_identify(/home/jarvis/send/src/lidar_front) by extensions ['ignore', 'ignore_ament_install']
[0.306s] Level 1:colcon.colcon_core.package_identification:_identify(/home/jarvis/send/src/lidar_front) by extension 'ignore'
[0.306s] Level 1:colcon.colcon_core.package_identification:_identify(/home/jarvis/send/src/lidar_front) by extension 'ignore_ament_install'
[0.306s] Level 1:colcon.colcon_core.package_identification:_identify(/home/jarvis/send/src/lidar_front) by extensions ['colcon_pkg']
[0.306s] Level 1:colcon.colcon_core.package_identification:_identify(/home/jarvis/send/src/lidar_front) by extension 'colcon_pkg'
[0.306s] Level 1:colcon.colcon_core.package_identification:_identify(/home/jarvis/send/src/lidar_front) by extensions ['colcon_meta']
[0.306s] Level 1:colcon.colcon_core.package_identification:_identify(/home/jarvis/send/src/lidar_front) by extension 'colcon_meta'
[0.306s] Level 1:colcon.colcon_core.package_identification:_identify(/home/jarvis/send/src/lidar_front) by extensions ['ros']
[0.306s] Level 1:colcon.colcon_core.package_identification:_identify(/home/jarvis/send/src/lidar_front) by extension 'ros'
[0.307s] DEBUG:colcon.colcon_core.package_identification:Package '/home/jarvis/send/src/lidar_front' with type 'ros.ament_python' and name 'lidar_front'
[0.307s] Level 1:colcon.colcon_core.package_identification:_identify(/home/jarvis/send/src/serial) by extensions ['ignore', 'ignore_ament_install']
[0.307s] Level 1:colcon.colcon_core.package_identification:_identify(/home/jarvis/send/src/serial) by extension 'ignore'
[0.307s] Level 1:colcon.colcon_core.package_identification:_identify(/home/jarvis/send/src/serial) by extension 'ignore_ament_install'
[0.307s] Level 1:colcon.colcon_core.package_identification:_identify(/home/jarvis/send/src/serial) by extensions ['colcon_pkg']
[0.307s] Level 1:colcon.colcon_core.package_identification:_identify(/home/jarvis/send/src/serial) by extension 'colcon_pkg'
[0.307s] Level 1:colcon.colcon_core.package_identification:_identify(/home/jarvis/send/src/serial) by extensions ['colcon_meta']
[0.307s] Level 1:colcon.colcon_core.package_identification:_identify(/home/jarvis/send/src/serial) by extension 'colcon_meta'
[0.307s] Level 1:colcon.colcon_core.package_identification:_identify(/home/jarvis/send/src/serial) by extensions ['ros']
[0.307s] Level 1:colcon.colcon_core.package_identification:_identify(/home/jarvis/send/src/serial) by extension 'ros'
[0.308s] DEBUG:colcon.colcon_core.package_identification:Package '/home/jarvis/send/src/serial' with type 'ros.ament_cmake' and name 'serial'
[0.308s] Level 1:colcon.colcon_core.package_identification:_identify(/home/jarvis/send/src/slam_robo) by extensions ['ignore', 'ignore_ament_install']
[0.308s] Level 1:colcon.colcon_core.package_identification:_identify(/home/jarvis/send/src/slam_robo) by extension 'ignore'
[0.308s] Level 1:colcon.colcon_core.package_identification:_identify(/home/jarvis/send/src/slam_robo) by extension 'ignore_ament_install'
[0.308s] Level 1:colcon.colcon_core.package_identification:_identify(/home/jarvis/send/src/slam_robo) by extensions ['colcon_pkg']
[0.308s] Level 1:colcon.colcon_core.package_identification:_identify(/home/jarvis/send/src/slam_robo) by extension 'colcon_pkg'
[0.308s] Level 1:colcon.colcon_core.package_identification:_identify(/home/jarvis/send/src/slam_robo) by extensions ['colcon_meta']
[0.308s] Level 1:colcon.colcon_core.package_identification:_identify(/home/jarvis/send/src/slam_robo) by extension 'colcon_meta'
[0.308s] Level 1:colcon.colcon_core.package_identification:_identify(/home/jarvis/send/src/slam_robo) by extensions ['ros']
[0.308s] Level 1:colcon.colcon_core.package_identification:_identify(/home/jarvis/send/src/slam_robo) by extension 'ros'
[0.309s] DEBUG:colcon.colcon_core.package_identification:Package '/home/jarvis/send/src/slam_robo' with type 'ros.ament_cmake' and name 'slam_robo'
[0.309s] Level 1:colcon.colcon_core.package_discovery:discover_packages(recursive) using defaults
